  [1m[35m (383.2ms)[0m  [1m[35mCREATE DATABASE "demo_project_development" ENCODING = 'unicode'[0m
  ↳ bin/rails:9
  [1m[35m (282.6ms)[0m  [1m[35mCREATE DATABASE "demo_project_test" ENCODING = 'unicode'[0m
  ↳ bin/rails:9
  [1m[35m (20.3ms)[0m  [1m[35mCREATE TABLE "schema_migrations" ("version" character varying NOT NULL PRIMARY KEY)[0m
  ↳ /Users/jondominguez/.rbenv/versions/2.3.1/bin/rake:23
  [1m[35m (4.9ms)[0m  [1m[35mCREATE TABLE "ar_internal_metadata" ("key" character varying NOT NULL PRIMARY KEY, "value" character varying, "created_at" timestamp NOT NULL, "updated_at" timestamp NOT NULL)[0m
  ↳ /Users/jondominguez/.rbenv/versions/2.3.1/bin/rake:23
  [1m[35m (1.4ms)[0m  [1m[34mSELECT pg_try_advisory_lock(3664083811000030320)[0m
  ↳ /Users/jondominguez/.rbenv/versions/2.3.1/bin/rake:23
  [1m[35m (1.0ms)[0m  [1m[34mSELECT "schema_migrations"."version" FROM "schema_migrations" ORDER BY "schema_migrations"."version" ASC[0m
  ↳ /Users/jondominguez/.rbenv/versions/2.3.1/bin/rake:23
Migrating to CreatePeopleTable (20181107053440)
  [1m[35m (0.2ms)[0m  [1m[35mBEGIN[0m
  ↳ /Users/jondominguez/.rbenv/versions/2.3.1/bin/rake:23
  [1m[35m (14.1ms)[0m  [1m[35mCREATE TABLE "people" ("id" bigserial primary key, "name" character varying NOT NULL, "house_id" integer NOT NULL, "created_at" timestamp NOT NULL, "updated_at" timestamp NOT NULL)[0m
  ↳ db/migrate/20181107053440_create_people_table.rb:3
  [1m[36mActiveRecord::SchemaMigration Create (2.0ms)[0m  [1m[32mINSERT INTO "schema_migrations" ("version") VALUES ($1) RETURNING "version"[0m  [["version", "20181107053440"]]
  ↳ /Users/jondominguez/.rbenv/versions/2.3.1/bin/rake:23
  [1m[35m (2.1ms)[0m  [1m[35mCOMMIT[0m
  ↳ /Users/jondominguez/.rbenv/versions/2.3.1/bin/rake:23
  [1m[36mActiveRecord::InternalMetadata Load (4.9ms)[0m  [1m[34mSELECT  "ar_internal_metadata".* FROM "ar_internal_metadata" WHERE "ar_internal_metadata"."key" = $1 LIMIT $2[0m  [["key", "environment"], ["LIMIT", 1]]
  ↳ /Users/jondominguez/.rbenv/versions/2.3.1/bin/rake:23
  [1m[35m (0.2ms)[0m  [1m[35mBEGIN[0m
  ↳ /Users/jondominguez/.rbenv/versions/2.3.1/bin/rake:23
  [1m[36mActiveRecord::InternalMetadata Create (3.4ms)[0m  [1m[32mINSERT INTO "ar_internal_metadata" ("key", "value", "created_at", "updated_at") VALUES ($1, $2, $3, $4) RETURNING "key"[0m  [["key", "environment"], ["value", "development"], ["created_at", "2018-11-07 05:43:39.271778"], ["updated_at", "2018-11-07 05:43:39.271778"]]
  ↳ /Users/jondominguez/.rbenv/versions/2.3.1/bin/rake:23
  [1m[35m (0.6ms)[0m  [1m[35mCOMMIT[0m
  ↳ /Users/jondominguez/.rbenv/versions/2.3.1/bin/rake:23
  [1m[35m (0.4ms)[0m  [1m[34mSELECT pg_advisory_unlock(3664083811000030320)[0m
  ↳ /Users/jondominguez/.rbenv/versions/2.3.1/bin/rake:23
  [1m[35m (1.0ms)[0m  [1m[34mSELECT "schema_migrations"."version" FROM "schema_migrations" ORDER BY "schema_migrations"."version" ASC[0m
  ↳ /Users/jondominguez/.rbenv/versions/2.3.1/bin/rake:23
